Unity Editor version:    2021.3.23f1 (213b516bf396)
Branch:                  2021.3/staging
Build type:              Release
Batch mode:              YES
macOS version:           Version 14.0 (Build 23A5328b)
Darwin version:          23.0.0
Architecture:            arm64
Running under Rosetta:   NO
Available memory:        16384 MB
Using pre-set license
Pro License: YES

COMMAND LINE ARGUMENTS:
/Applications/Unity/Hub/Editor/2021.3.23f1/Unity.app/Contents/MacOS/Unity
-adb2
-batchMode
-noUpm
-name
AssetImportWorker0
-projectPath
/Users/bradmorrison/GitHub/Totem/Totem
-logFile
Logs/AssetImportWorker0.log
-srvPort
64448
Successfully changed project path to: /Users/bradmorrison/GitHub/Totem/Totem
/Users/bradmorrison/GitHub/Totem/Totem
[UnityMemory] Configuration Parameters - Can be set up in boot.config
    "memorysetup-bucket-allocator-granularity=16"
    "memorysetup-bucket-allocator-bucket-count=8"
    "memorysetup-bucket-allocator-block-size=33554432"
    "memorysetup-bucket-allocator-block-count=8"
    "memorysetup-main-allocator-block-size=16777216"
    "memorysetup-thread-allocator-block-size=16777216"
    "memorysetup-gfx-main-allocator-block-size=16777216"
    "memorysetup-gfx-thread-allocator-block-size=16777216"
    "memorysetup-cache-allocator-block-size=4194304"
    "memorysetup-typetree-allocator-block-size=2097152"
    "memorysetup-profiler-bucket-allocator-granularity=16"
    "memorysetup-profiler-bucket-allocator-bucket-count=8"
    "memorysetup-profiler-bucket-allocator-block-size=33554432"
    "memorysetup-profiler-bucket-allocator-block-count=8"
    "memorysetup-profiler-allocator-block-size=16777216"
    "memorysetup-profiler-editor-allocator-block-size=1048576"
    "memorysetup-temp-allocator-size-main=16777216"
    "memorysetup-job-temp-allocator-block-size=2097152"
    "memorysetup-job-temp-allocator-block-size-background=1048576"
    "memorysetup-job-temp-allocator-reduction-small-platforms=262144"
    "memorysetup-temp-allocator-size-background-worker=32768"
    "memorysetup-temp-allocator-size-job-worker=262144"
    "memorysetup-temp-allocator-size-preload-manager=33554432"
    "memorysetup-temp-allocator-size-nav-mesh-worker=65536"
    "memorysetup-temp-allocator-size-audio-worker=65536"
    "memorysetup-temp-allocator-size-cloud-worker=32768"
    "memorysetup-temp-allocator-size-gi-baking-worker=262144"
    "memorysetup-temp-allocator-size-gfx=262144"
Player connection [8008353856] Host "[IP] 192.168.1.31 [Port] 0 [Flags] 2 [Guid] 2739160572 [EditorId] 2739160572 [Version] 1048832 [Id] OSXEditor(0,Bradleys-MacBook-Pro.local) [Debug] 1 [PackageName] OSXEditor [ProjectName] Editor" joined multi-casting on [225.0.0.222:54997]...

Player connection [8008353856] Host "[IP] 192.168.1.31 [Port] 0 [Flags] 2 [Guid] 2739160572 [EditorId] 2739160572 [Version] 1048832 [Id] OSXEditor(0,Bradleys-MacBook-Pro.local) [Debug] 1 [PackageName] OSXEditor [ProjectName] Editor" joined alternative multi-casting on [225.0.0.222:34997]...

Refreshing native plugins compatible for Editor in 62.41 ms, found 2 plugins.
Preloading 0 native plugins for Editor in 0.00 ms.
Initialize engine version: 2021.3.23f1 (213b516bf396)
[Subsystems] Discovering subsystems at path /Applications/Unity/Hub/Editor/2021.3.23f1/Unity.app/Contents/Resources/UnitySubsystems
[Subsystems] Discovering subsystems at path /Users/bradmorrison/GitHub/Totem/Totem/Assets
GfxDevice: creating device client; threaded=0; jobified=0
 preferred device: Apple M1 Pro (high power)
Metal devices available: 1
0: Apple M1 Pro (high power)
Using device Apple M1 Pro (high power)
Initializing Metal device caps: Apple M1 Pro
Initialize mono
Mono path[0] = '/Applications/Unity/Hub/Editor/2021.3.23f1/Unity.app/Contents/Managed'
Mono path[1] = '/Applications/Unity/Hub/Editor/2021.3.23f1/Unity.app/Contents/MonoBleedingEdge/lib/mono/unityjit-macos'
Mono config path = '/Applications/Unity/Hub/Editor/2021.3.23f1/Unity.app/Contents/MonoBleedingEdge/etc'
Using monoOptions --debugger-agent=transport=dt_socket,embedding=1,server=y,suspend=n,address=127.0.0.1:56699
Begin MonoManager ReloadAssembly
Registering precompiled unity dll's ...
Register platform support module: /Applications/Unity/Hub/Editor/2021.3.23f1/PlaybackEngines/WebGLSupport/UnityEditor.WebGL.Extensions.dll
Register platform support module: /Applications/Unity/Hub/Editor/2021.3.23f1/Unity.app/Contents/PlaybackEngines/MacStandaloneSupport/UnityEditor.OSXStandalone.Extensions.dll
Register platform support module: /Applications/Unity/Hub/Editor/2021.3.23f1/PlaybackEngines/iOSSupport/UnityEditor.iOS.Extensions.dll
Registered in 0.001789 seconds.
[usbmuxd] Start listen thread
[usbmuxd] Listen thread started
[usbmuxd] Send listen message
Native extension for iOS target not found
Native extension for OSXStandalone target not found
Native extension for WebGL target not found
Refreshing native plugins compatible for Editor in 67.14 ms, found 2 plugins.
Preloading 0 native plugins for Editor in 0.00 ms.
Mono: successfully reloaded assembly
- Completed reload, in  0.471 seconds
Domain Reload Profiling:
	ReloadAssembly (471ms)
		BeginReloadAssembly (62ms)
			ExecutionOrderSort (0ms)
			DisableScriptedObjects (0ms)
			BackupInstance (0ms)
			ReleaseScriptingObjects (0ms)
			CreateAndSetChildDomain (0ms)
		EndReloadAssembly (354ms)
			LoadAssemblies (63ms)
			RebuildTransferFunctionScriptingTraits (0ms)
			SetupTypeCache (71ms)
			ReleaseScriptCaches (0ms)
			RebuildScriptCaches (20ms)
			SetupLoadedEditorAssemblies (235ms)
				LogAssemblyErrors (0ms)
				InitializePlatformSupportModulesInManaged (68ms)
				SetLoadedEditorAssemblies (0ms)
				RefreshPlugins (67ms)
				BeforeProcessingInitializeOnLoad (1ms)
				ProcessInitializeOnLoadAttributes (74ms)
				ProcessInitializeOnLoadMethodAttributes (25ms)
				AfterProcessingInitializeOnLoad (0ms)
				EditorAssembliesLoaded (0ms)
			ExecutionOrderSort2 (0ms)
			AwakeInstancesAfterBackupRestoration (0ms)
Platform modules already initialized, skipping
Registering precompiled user dll's ...
Registered in 0.001196 seconds.
Begin MonoManager ReloadAssembly
Symbol file LoadedFromMemory doesn't match image /Users/bradmorrison/GitHub/Totem/Totem/Library/PackageCache/com.unity.visualscripting@1.8.0/Editor/VisualScripting.Core/Dependencies/YamlDotNet/Unity.VisualScripting.YamlDotNet.dll
Symbol file LoadedFromMemory doesn't match image /Users/bradmorrison/GitHub/Totem/Totem/Library/PackageCache/com.unity.visualscripting@1.8.0/Editor/VisualScripting.Core/Dependencies/DotNetZip/Unity.VisualScripting.IonicZip.dll
Native extension for iOS target not found
Native extension for OSXStandalone target not found
Native extension for WebGL target not found
Refreshing native plugins compatible for Editor in 0.30 ms, found 2 plugins.
Preloading 0 native plugins for Editor in 0.00 ms.
Mono: successfully reloaded assembly
- Completed reload, in  0.596 seconds
Domain Reload Profiling:
	ReloadAssembly (597ms)
		BeginReloadAssembly (59ms)
			ExecutionOrderSort (0ms)
			DisableScriptedObjects (4ms)
			BackupInstance (0ms)
			ReleaseScriptingObjects (0ms)
			CreateAndSetChildDomain (14ms)
		EndReloadAssembly (480ms)
			LoadAssemblies (44ms)
			RebuildTransferFunctionScriptingTraits (0ms)
			SetupTypeCache (158ms)
			ReleaseScriptCaches (0ms)
			RebuildScriptCaches (32ms)
			SetupLoadedEditorAssemblies (225ms)
				LogAssemblyErrors (0ms)
				InitializePlatformSupportModulesInManaged (35ms)
				SetLoadedEditorAssemblies (0ms)
				RefreshPlugins (0ms)
				BeforeProcessingInitializeOnLoad (53ms)
				ProcessInitializeOnLoadAttributes (125ms)
				ProcessInitializeOnLoadMethodAttributes (10ms)
				AfterProcessingInitializeOnLoad (1ms)
				EditorAssembliesLoaded (0ms)
			ExecutionOrderSort2 (0ms)
			AwakeInstancesAfterBackupRestoration (2ms)
Platform modules already initialized, skipping
========================================================================
Worker process is ready to serve import requests
Launching external process: /Applications/Unity/Hub/Editor/2021.3.23f1/Unity.app/Contents/Tools/UnityShaderCompiler
Launched and connected shader compiler UnityShaderCompiler after 0.05 seconds
Refreshing native plugins compatible for Editor in 0.37 ms, found 2 plugins.
Preloading 0 native plugins for Editor in 0.00 ms.
Unloading 3046 Unused Serialized files (Serialized files now loaded: 0)
Unloading 22 unused Assets / (40.4 KB). Loaded Objects now: 3508.
Memory consumption went from 101.8 MB to 101.8 MB.
Total: 2.005208 ms (FindLiveObjects: 0.115083 ms CreateObjectMapping: 0.035417 ms MarkObjects: 1.807666 ms  DeleteObjects: 0.046667 ms)

AssetImportParameters requested are different than current active one (requested -> active):
  custom:video-decoder-ogg-theora: a1e56fd34408186e4bbccfd4996cb3dc -> 
  custom:container-muxer-webm: aa71ff27fc2769a1b78a27578f13a17b -> 
  custom:container-demuxer-webm: 4f35f7cbe854078d1ac9338744f61a02 -> 
  custom:video-encoder-webm-vp8: eb34c28f22e8b96e1ab97ce403110664 -> 
  custom:framework-osx-AVFoundation: e770b220cccbd017edd2c1fefb359320 -> 
  custom:audio-encoder-webm-vorbis: bf7c407c2cedff20999df2af8eb42d56 -> 
  custom:container-demuxer-ogg: 62fdf1f143b41e24485cea50d1cbac27 -> 
  custom:video-decoder-webm-vp8: 9c59270c3fd7afecdb556c50c9e8de78 -> 
  custom:audio-decoder-ogg-vorbis: bf7c407c2cedff20999df2af8eb42d56 -> 
========================================================================
Received Import Request.
  Time since last request: 583386.393676 seconds.
  path: Assets/Objects
  artifactKey: Guid(db393d8350af245bb8e1ae6d5ac3e86a) Importer(815301076,1909f56bfc062723c751e8b465ee728b)
Start importing Assets/Objects using Guid(db393d8350af245bb8e1ae6d5ac3e86a) Importer(815301076,1909f56bfc062723c751e8b465ee728b)  -> (artifact id: '5d650c86f04c7655a2c9bd3c29160711') in 0.004446 seconds 
========================================================================
Received Import Request.
  Time since last request: 7.831810 seconds.
  path: Assets/Prefabs
  artifactKey: Guid(4954b044579834291a9dd1df0fac96ca) Importer(815301076,1909f56bfc062723c751e8b465ee728b)
Start importing Assets/Prefabs using Guid(4954b044579834291a9dd1df0fac96ca) Importer(815301076,1909f56bfc062723c751e8b465ee728b)  -> (artifact id: 'dcc26e0a6efc6b26db34e66b810478e9') in 0.000681 seconds 
========================================================================
Received Import Request.
  Time since last request: 8.448186 seconds.
  path: Assets/Scripts
  artifactKey: Guid(94567d18b7aa247008181d82faf498bb) Importer(815301076,1909f56bfc062723c751e8b465ee728b)
Start importing Assets/Scripts using Guid(94567d18b7aa247008181d82faf498bb) Importer(815301076,1909f56bfc062723c751e8b465ee728b)  -> (artifact id: '2258e7df8019e866818f72dbcb94878b') in 0.000612 seconds 
========================================================================
Received Prepare
Registering precompiled user dll's ...
Registered in 0.001698 seconds.
Begin MonoManager ReloadAssembly
Thread 0x29805b000 may have been prematurely finalized
Symbol file LoadedFromMemory doesn't match image /Users/bradmorrison/GitHub/Totem/Totem/Library/PackageCache/com.unity.visualscripting@1.8.0/Editor/VisualScripting.Core/Dependencies/YamlDotNet/Unity.VisualScripting.YamlDotNet.dll
Symbol file LoadedFromMemory doesn't match image /Users/bradmorrison/GitHub/Totem/Totem/Library/PackageCache/com.unity.visualscripting@1.8.0/Editor/VisualScripting.Core/Dependencies/DotNetZip/Unity.VisualScripting.IonicZip.dll
Native extension for iOS target not found
Native extension for OSXStandalone target not found
Native extension for WebGL target not found
Refreshing native plugins compatible for Editor in 0.48 ms, found 2 plugins.
Preloading 0 native plugins for Editor in 0.00 ms.
Mono: successfully reloaded assembly
- Completed reload, in  0.593 seconds
Domain Reload Profiling:
	ReloadAssembly (594ms)
		BeginReloadAssembly (95ms)
			ExecutionOrderSort (0ms)
			DisableScriptedObjects (3ms)
			BackupInstance (0ms)
			ReleaseScriptingObjects (0ms)
			CreateAndSetChildDomain (35ms)
		EndReloadAssembly (444ms)
			LoadAssemblies (40ms)
			RebuildTransferFunctionScriptingTraits (0ms)
			SetupTypeCache (177ms)
			ReleaseScriptCaches (1ms)
			RebuildScriptCaches (29ms)
			SetupLoadedEditorAssemblies (177ms)
				LogAssemblyErrors (0ms)
				InitializePlatformSupportModulesInManaged (14ms)
				SetLoadedEditorAssemblies (0ms)
				RefreshPlugins (1ms)
				BeforeProcessingInitializeOnLoad (37ms)
				ProcessInitializeOnLoadAttributes (114ms)
				ProcessInitializeOnLoadMethodAttributes (10ms)
				AfterProcessingInitializeOnLoad (1ms)
				EditorAssembliesLoaded (0ms)
			ExecutionOrderSort2 (0ms)
			AwakeInstancesAfterBackupRestoration (3ms)
Platform modules already initialized, skipping
Refreshing native plugins compatible for Editor in 0.90 ms, found 2 plugins.
Preloading 0 native plugins for Editor in 0.00 ms.
Unloading 3067 Unused Serialized files (Serialized files now loaded: 0)
Unloading 22 unused Assets / (21.9 KB). Loaded Objects now: 3547.
Memory consumption went from 102.6 MB to 102.6 MB.
Total: 2.001208 ms (FindLiveObjects: 0.097125 ms CreateObjectMapping: 0.036875 ms MarkObjects: 1.847500 ms  DeleteObjects: 0.019000 ms)

AssetImportParameters requested are different than current active one (requested -> active):
  custom:video-decoder-ogg-theora: a1e56fd34408186e4bbccfd4996cb3dc -> 
  custom:container-muxer-webm: aa71ff27fc2769a1b78a27578f13a17b -> 
  custom:container-demuxer-webm: 4f35f7cbe854078d1ac9338744f61a02 -> 
  custom:video-encoder-webm-vp8: eb34c28f22e8b96e1ab97ce403110664 -> 
  custom:framework-osx-AVFoundation: e770b220cccbd017edd2c1fefb359320 -> 
  custom:audio-encoder-webm-vorbis: bf7c407c2cedff20999df2af8eb42d56 -> 
  custom:container-demuxer-ogg: 62fdf1f143b41e24485cea50d1cbac27 -> 
  custom:video-decoder-webm-vp8: 9c59270c3fd7afecdb556c50c9e8de78 -> 
  custom:audio-decoder-ogg-vorbis: bf7c407c2cedff20999df2af8eb42d56 -> 
========================================================================
Received Prepare
Registering precompiled user dll's ...
Registered in 0.002090 seconds.
Begin MonoManager ReloadAssembly
Thread 0x290287000 may have been prematurely finalized
Symbol file LoadedFromMemory doesn't match image /Users/bradmorrison/GitHub/Totem/Totem/Library/PackageCache/com.unity.visualscripting@1.8.0/Editor/VisualScripting.Core/Dependencies/YamlDotNet/Unity.VisualScripting.YamlDotNet.dll
Symbol file LoadedFromMemory doesn't match image /Users/bradmorrison/GitHub/Totem/Totem/Library/PackageCache/com.unity.visualscripting@1.8.0/Editor/VisualScripting.Core/Dependencies/DotNetZip/Unity.VisualScripting.IonicZip.dll
Native extension for iOS target not found
Native extension for OSXStandalone target not found
Native extension for WebGL target not found
Refreshing native plugins compatible for Editor in 0.40 ms, found 2 plugins.
Preloading 0 native plugins for Editor in 0.00 ms.
Mono: successfully reloaded assembly
- Completed reload, in  0.563 seconds
Domain Reload Profiling:
	ReloadAssembly (564ms)
		BeginReloadAssembly (85ms)
			ExecutionOrderSort (0ms)
			DisableScriptedObjects (3ms)
			BackupInstance (0ms)
			ReleaseScriptingObjects (0ms)
			CreateAndSetChildDomain (31ms)
		EndReloadAssembly (425ms)
			LoadAssemblies (35ms)
			RebuildTransferFunctionScriptingTraits (0ms)
			SetupTypeCache (168ms)
			ReleaseScriptCaches (1ms)
			RebuildScriptCaches (29ms)
			SetupLoadedEditorAssemblies (169ms)
				LogAssemblyErrors (0ms)
				InitializePlatformSupportModulesInManaged (14ms)
				SetLoadedEditorAssemblies (0ms)
				RefreshPlugins (0ms)
				BeforeProcessingInitializeOnLoad (37ms)
				ProcessInitializeOnLoadAttributes (108ms)
				ProcessInitializeOnLoadMethodAttributes (9ms)
				AfterProcessingInitializeOnLoad (1ms)
				EditorAssembliesLoaded (0ms)
			ExecutionOrderSort2 (0ms)
			AwakeInstancesAfterBackupRestoration (2ms)
Platform modules already initialized, skipping
Refreshing native plugins compatible for Editor in 0.80 ms, found 2 plugins.
Preloading 0 native plugins for Editor in 0.00 ms.
Unloading 3066 Unused Serialized files (Serialized files now loaded: 0)
Unloading 21 unused Assets / (21.9 KB). Loaded Objects now: 3550.
Memory consumption went from 102.6 MB to 102.6 MB.
Total: 1.967709 ms (FindLiveObjects: 0.101292 ms CreateObjectMapping: 0.035917 ms MarkObjects: 1.814750 ms  DeleteObjects: 0.015334 ms)

AssetImportParameters requested are different than current active one (requested -> active):
  custom:video-decoder-ogg-theora: a1e56fd34408186e4bbccfd4996cb3dc -> 
  custom:container-muxer-webm: aa71ff27fc2769a1b78a27578f13a17b -> 
  custom:container-demuxer-webm: 4f35f7cbe854078d1ac9338744f61a02 -> 
  custom:video-encoder-webm-vp8: eb34c28f22e8b96e1ab97ce403110664 -> 
  custom:framework-osx-AVFoundation: e770b220cccbd017edd2c1fefb359320 -> 
  custom:audio-encoder-webm-vorbis: bf7c407c2cedff20999df2af8eb42d56 -> 
  custom:container-demuxer-ogg: 62fdf1f143b41e24485cea50d1cbac27 -> 
  custom:video-decoder-webm-vp8: 9c59270c3fd7afecdb556c50c9e8de78 -> 
  custom:audio-decoder-ogg-vorbis: bf7c407c2cedff20999df2af8eb42d56 -> 
========================================================================
Received Import Request.
  Time since last request: 1121.594484 seconds.
  path: Assets/Objects/BearTotem.obj
  artifactKey: Guid(f4e6335262f894d349e53657dc7a1d23) Importer(815301076,1909f56bfc062723c751e8b465ee728b)
Start importing Assets/Objects/BearTotem.obj using Guid(f4e6335262f894d349e53657dc7a1d23) Importer(815301076,1909f56bfc062723c751e8b465ee728b)  -> (artifact id: 'c47719599116b8be0c11ff8dc9541065') in 0.780109 seconds 
========================================================================
Received Import Request.
  Time since last request: 16.277440 seconds.
  path: Assets/Objects/Bear Totem
  artifactKey: Guid(b53c660f88723424cbd75dbdf09846a7) Importer(815301076,1909f56bfc062723c751e8b465ee728b)
Start importing Assets/Objects/Bear Totem using Guid(b53c660f88723424cbd75dbdf09846a7) Importer(815301076,1909f56bfc062723c751e8b465ee728b)  -> (artifact id: 'be4d1a8d839ba0c9063b5e8ce3147301') in 0.001162 seconds 
========================================================================
Received Import Request.
  Time since last request: 47.380000 seconds.
  path: Assets/Objects/Bear Totem/Textures
  artifactKey: Guid(ca6e4f7b2f6e047b29628f4f74bd722e) Importer(815301076,1909f56bfc062723c751e8b465ee728b)
Start importing Assets/Objects/Bear Totem/Textures using Guid(ca6e4f7b2f6e047b29628f4f74bd722e) Importer(815301076,1909f56bfc062723c751e8b465ee728b)  -> (artifact id: 'c8e38f9a7fd5e968e804b5b24e6e9bbb') in 0.002461 seconds 
========================================================================
Received Import Request.
  Time since last request: 0.101007 seconds.
  path: Assets/Objects/Bear Totem/Textures/BearTotem_LowPoly_ZExp_DefaultMaterial_BaseMap.png
  artifactKey: Guid(dd69759ae3d9a4fde9294c09e61c3de1) Importer(815301076,1909f56bfc062723c751e8b465ee728b)
Start importing Assets/Objects/Bear Totem/Textures/BearTotem_LowPoly_ZExp_DefaultMaterial_BaseMap.png using Guid(dd69759ae3d9a4fde9294c09e61c3de1) Importer(815301076,1909f56bfc062723c751e8b465ee728b)  -> (artifact id: 'd01b030b913e2693cfa0a126dd59089a') in 0.399765 seconds 
========================================================================
Received Import Request.
  Time since last request: 14.689742 seconds.
  path: Assets/Objects/NewBehaviourScript.cs
  artifactKey: Guid(1c9228fef65824c57a1b94b8b557e2b7) Importer(815301076,1909f56bfc062723c751e8b465ee728b)
Start importing Assets/Objects/NewBehaviourScript.cs using Guid(1c9228fef65824c57a1b94b8b557e2b7) Importer(815301076,1909f56bfc062723c751e8b465ee728b)  -> (artifact id: 'ecbe657b5afff4f2a9165582d3320ae1') in 0.118784 seconds 
========================================================================
Received Prepare
Registering precompiled user dll's ...
Registered in 0.002280 seconds.
Begin MonoManager ReloadAssembly
Thread 0x290287000 may have been prematurely finalized
Symbol file LoadedFromMemory doesn't match image /Users/bradmorrison/GitHub/Totem/Totem/Library/PackageCache/com.unity.visualscripting@1.8.0/Editor/VisualScripting.Core/Dependencies/YamlDotNet/Unity.VisualScripting.YamlDotNet.dll
Symbol file LoadedFromMemory doesn't match image /Users/bradmorrison/GitHub/Totem/Totem/Library/PackageCache/com.unity.visualscripting@1.8.0/Editor/VisualScripting.Core/Dependencies/DotNetZip/Unity.VisualScripting.IonicZip.dll
Native extension for iOS target not found
Native extension for OSXStandalone target not found
Native extension for WebGL target not found
Refreshing native plugins compatible for Editor in 0.50 ms, found 2 plugins.
Preloading 0 native plugins for Editor in 0.00 ms.
Mono: successfully reloaded assembly
- Completed reload, in  0.560 seconds
Domain Reload Profiling:
	ReloadAssembly (561ms)
		BeginReloadAssembly (91ms)
			ExecutionOrderSort (0ms)
			DisableScriptedObjects (4ms)
			BackupInstance (0ms)
			ReleaseScriptingObjects (0ms)
			CreateAndSetChildDomain (34ms)
		EndReloadAssembly (417ms)
			LoadAssemblies (40ms)
			RebuildTransferFunctionScriptingTraits (0ms)
			SetupTypeCache (161ms)
			ReleaseScriptCaches (1ms)
			RebuildScriptCaches (27ms)
			SetupLoadedEditorAssemblies (171ms)
				LogAssemblyErrors (0ms)
				InitializePlatformSupportModulesInManaged (16ms)
				SetLoadedEditorAssemblies (0ms)
				RefreshPlugins (1ms)
				BeforeProcessingInitializeOnLoad (35ms)
				ProcessInitializeOnLoadAttributes (109ms)
				ProcessInitializeOnLoadMethodAttributes (10ms)
				AfterProcessingInitializeOnLoad (1ms)
				EditorAssembliesLoaded (0ms)
			ExecutionOrderSort2 (0ms)
			AwakeInstancesAfterBackupRestoration (2ms)
Platform modules already initialized, skipping
Refreshing native plugins compatible for Editor in 0.86 ms, found 2 plugins.
Preloading 0 native plugins for Editor in 0.00 ms.
Unloading 3066 Unused Serialized files (Serialized files now loaded: 0)
Unloading 21 unused Assets / (22.1 KB). Loaded Objects now: 3599.
Memory consumption went from 117.5 MB to 117.5 MB.
Total: 2.020083 ms (FindLiveObjects: 0.101041 ms CreateObjectMapping: 0.039334 ms MarkObjects: 1.865416 ms  DeleteObjects: 0.013791 ms)

AssetImportParameters requested are different than current active one (requested -> active):
  custom:video-decoder-ogg-theora: a1e56fd34408186e4bbccfd4996cb3dc -> 
  custom:container-muxer-webm: aa71ff27fc2769a1b78a27578f13a17b -> 
  custom:container-demuxer-webm: 4f35f7cbe854078d1ac9338744f61a02 -> 
  custom:video-encoder-webm-vp8: eb34c28f22e8b96e1ab97ce403110664 -> 
  custom:framework-osx-AVFoundation: e770b220cccbd017edd2c1fefb359320 -> 
  custom:audio-encoder-webm-vorbis: bf7c407c2cedff20999df2af8eb42d56 -> 
  custom:container-demuxer-ogg: 62fdf1f143b41e24485cea50d1cbac27 -> 
  custom:video-decoder-webm-vp8: 9c59270c3fd7afecdb556c50c9e8de78 -> 
  custom:audio-decoder-ogg-vorbis: bf7c407c2cedff20999df2af8eb42d56 -> 
========================================================================
Received Import Request.
  Time since last request: 10.310757 seconds.
  path: Assets/Objects/Wolf Totem
  artifactKey: Guid(220f0f8205198495d86187df152c807f) Importer(815301076,1909f56bfc062723c751e8b465ee728b)
Start importing Assets/Objects/Wolf Totem using Guid(220f0f8205198495d86187df152c807f) Importer(815301076,1909f56bfc062723c751e8b465ee728b)  -> (artifact id: '383044cd8f26d0c751adf19baae41328') in 0.004652 seconds 
========================================================================
Received Import Request.
  Time since last request: 26.872294 seconds.
  path: Assets/Objects/Eagle Totem
  artifactKey: Guid(9d10e26819dc04c8c969dde63e9398c0) Importer(815301076,1909f56bfc062723c751e8b465ee728b)
Start importing Assets/Objects/Eagle Totem using Guid(9d10e26819dc04c8c969dde63e9398c0) Importer(815301076,1909f56bfc062723c751e8b465ee728b)  -> (artifact id: 'e7e5f9078bfee10db6e9a63b1e6fc267') in 0.000630 seconds 
========================================================================
Received Import Request.
  Time since last request: 9.869300 seconds.
  path: Assets/Objects/Eagle Totem/EagleTotem.obj
  artifactKey: Guid(f9cc53b82b3a446cfbb094d97741de7b) Importer(815301076,1909f56bfc062723c751e8b465ee728b)
Start importing Assets/Objects/Eagle Totem/EagleTotem.obj using Guid(f9cc53b82b3a446cfbb094d97741de7b) Importer(815301076,1909f56bfc062723c751e8b465ee728b)  -> (artifact id: '4810b2266fc4dc1d8f191752216ae83b') in 0.058213 seconds 
========================================================================
Received Import Request.
  Time since last request: 0.285342 seconds.
  path: Assets/Objects/Eagle Totem/Textures
  artifactKey: Guid(4bb3de08f81be4d8085135ef46bc6137) Importer(815301076,1909f56bfc062723c751e8b465ee728b)
Start importing Assets/Objects/Eagle Totem/Textures using Guid(4bb3de08f81be4d8085135ef46bc6137) Importer(815301076,1909f56bfc062723c751e8b465ee728b)  -> (artifact id: '199a24069df4730174e67eab67a53015') in 0.000634 seconds 
========================================================================
Received Import Request.
  Time since last request: 23.560857 seconds.
  path: Assets/Objects/Mound
  artifactKey: Guid(63802a9e6ea5c4cf1bb37b89590f9a98) Importer(815301076,1909f56bfc062723c751e8b465ee728b)
Start importing Assets/Objects/Mound using Guid(63802a9e6ea5c4cf1bb37b89590f9a98) Importer(815301076,1909f56bfc062723c751e8b465ee728b)  -> (artifact id: '890ae4f0593a0e4c99b0155a8e6e113a') in 0.000641 seconds 
========================================================================
Received Import Request.
  Time since last request: 5.887971 seconds.
  path: Assets/Objects/Mound/Mound.obj
  artifactKey: Guid(9ab1e752bc89146ce8238cf4db5ba74b) Importer(815301076,1909f56bfc062723c751e8b465ee728b)
Start importing Assets/Objects/Mound/Mound.obj using Guid(9ab1e752bc89146ce8238cf4db5ba74b) Importer(815301076,1909f56bfc062723c751e8b465ee728b)  -> (artifact id: 'ff4ebfc8bc2342c88b7f15b74941d2e7') in 0.014464 seconds 
